mode: set
curtaincall.tech/pkg/models/sqlite/shows.go:14.60,21.16 3 0
curtaincall.tech/pkg/models/sqlite/shows.go:24.2,28.18 3 0
curtaincall.tech/pkg/models/sqlite/shows.go:36.2,36.34 1 0
curtaincall.tech/pkg/models/sqlite/shows.go:40.2,40.19 1 0
curtaincall.tech/pkg/models/sqlite/shows.go:21.16,23.3 1 0
curtaincall.tech/pkg/models/sqlite/shows.go:28.18,31.17 3 0
curtaincall.tech/pkg/models/sqlite/shows.go:34.3,34.27 1 0
curtaincall.tech/pkg/models/sqlite/shows.go:31.17,33.4 1 0
curtaincall.tech/pkg/models/sqlite/shows.go:36.34,38.3 1 0
curtaincall.tech/pkg/models/sqlite/shows.go:43.55,50.16 5 0
curtaincall.tech/pkg/models/sqlite/shows.go:57.2,57.15 1 0
curtaincall.tech/pkg/models/sqlite/shows.go:50.16,51.36 1 0
curtaincall.tech/pkg/models/sqlite/shows.go:51.36,53.4 1 0
curtaincall.tech/pkg/models/sqlite/shows.go:53.9,55.4 1 0
curtaincall.tech/pkg/models/sqlite/theaters.go:14.60,19.16 3 0
curtaincall.tech/pkg/models/sqlite/theaters.go:22.2,26.18 3 0
curtaincall.tech/pkg/models/sqlite/theaters.go:34.2,34.34 1 0
curtaincall.tech/pkg/models/sqlite/theaters.go:38.2,38.22 1 0
curtaincall.tech/pkg/models/sqlite/theaters.go:19.16,21.3 1 0
curtaincall.tech/pkg/models/sqlite/theaters.go:26.18,29.17 3 0
curtaincall.tech/pkg/models/sqlite/theaters.go:32.3,32.33 1 0
curtaincall.tech/pkg/models/sqlite/theaters.go:29.17,31.4 1 0
curtaincall.tech/pkg/models/sqlite/theaters.go:34.34,36.3 1 0
curtaincall.tech/pkg/models/sqlite/theaters.go:41.61,48.16 5 1
curtaincall.tech/pkg/models/sqlite/theaters.go:55.2,55.15 1 1
curtaincall.tech/pkg/models/sqlite/theaters.go:48.16,49.36 1 0
curtaincall.tech/pkg/models/sqlite/theaters.go:49.36,51.4 1 0
curtaincall.tech/pkg/models/sqlite/theaters.go:51.9,53.4 1 0
curtaincall.tech/cmd/web/helpers.go:11.71,16.2 3 0
curtaincall.tech/cmd/web/helpers.go:18.72,20.2 1 1
curtaincall.tech/cmd/web/helpers.go:22.57,24.2 1 1
curtaincall.tech/cmd/web/helpers.go:26.89,27.15 1 1
curtaincall.tech/cmd/web/helpers.go:31.2,32.11 2 1
curtaincall.tech/cmd/web/helpers.go:27.15,29.3 1 0
curtaincall.tech/cmd/web/helpers.go:35.103,37.9 2 1
curtaincall.tech/cmd/web/helpers.go:41.2,44.16 3 1
curtaincall.tech/cmd/web/helpers.go:49.2,49.16 1 1
curtaincall.tech/cmd/web/helpers.go:37.9,39.3 1 0
curtaincall.tech/cmd/web/helpers.go:44.16,47.3 2 0
curtaincall.tech/cmd/web/main.go:34.37,36.9 2 0
curtaincall.tech/cmd/web/main.go:40.2,40.14 1 0
curtaincall.tech/cmd/web/main.go:36.9,38.3 1 0
curtaincall.tech/cmd/web/main.go:43.13,53.16 7 0
curtaincall.tech/cmd/web/main.go:56.2,59.16 3 0
curtaincall.tech/cmd/web/main.go:63.2,71.19 2 0
curtaincall.tech/cmd/web/main.go:53.16,55.3 1 0
curtaincall.tech/cmd/web/main.go:59.16,61.3 1 0
curtaincall.tech/cmd/web/main.go:71.19,73.17 2 0
curtaincall.tech/cmd/web/main.go:76.3,76.26 1 0
curtaincall.tech/cmd/web/main.go:81.3,85.93 3 0
curtaincall.tech/cmd/web/main.go:94.3,101.48 3 0
curtaincall.tech/cmd/web/main.go:107.3,116.49 3 0
curtaincall.tech/cmd/web/main.go:73.17,75.4 1 0
curtaincall.tech/cmd/web/main.go:76.26,78.4 1 0
curtaincall.tech/cmd/web/main.go:85.93,87.31 2 0
curtaincall.tech/cmd/web/main.go:90.4,90.60 1 0
curtaincall.tech/cmd/web/main.go:87.31,89.5 1 0
curtaincall.tech/cmd/web/main.go:101.48,103.4 1 0
curtaincall.tech/cmd/web/main.go:103.9,105.4 1 0
curtaincall.tech/cmd/web/main.go:118.8,132.3 4 0
curtaincall.tech/cmd/web/main.go:135.46,137.16 2 0
curtaincall.tech/cmd/web/main.go:140.2,140.33 1 0
curtaincall.tech/cmd/web/main.go:143.2,143.16 1 0
curtaincall.tech/cmd/web/main.go:137.16,139.3 1 0
curtaincall.tech/cmd/web/main.go:140.33,142.3 1 0
curtaincall.tech/cmd/web/middleware.go:8.52,9.71 1 1
curtaincall.tech/cmd/web/middleware.go:9.71,14.3 3 1
curtaincall.tech/cmd/web/middleware.go:17.68,18.71 1 1
curtaincall.tech/cmd/web/middleware.go:18.71,22.3 2 1
curtaincall.tech/cmd/web/middleware.go:25.70,26.71 1 1
curtaincall.tech/cmd/web/middleware.go:26.71,27.16 1 1
curtaincall.tech/cmd/web/middleware.go:34.3,34.23 1 1
curtaincall.tech/cmd/web/middleware.go:27.16,28.36 1 1
curtaincall.tech/cmd/web/middleware.go:28.36,31.5 2 0
curtaincall.tech/cmd/web/routes.go:10.47,23.2 9 1
curtaincall.tech/cmd/web/templates.go:19.36,20.16 1 1
curtaincall.tech/cmd/web/templates.go:24.2,24.47 1 1
curtaincall.tech/cmd/web/templates.go:20.16,22.3 1 1
curtaincall.tech/cmd/web/templates.go:31.74,35.16 3 1
curtaincall.tech/cmd/web/templates.go:39.2,39.29 1 1
curtaincall.tech/cmd/web/templates.go:59.2,59.19 1 1
curtaincall.tech/cmd/web/templates.go:35.16,37.3 1 0
curtaincall.tech/cmd/web/templates.go:39.29,43.17 3 1
curtaincall.tech/cmd/web/templates.go:47.3,48.17 2 1
curtaincall.tech/cmd/web/templates.go:52.3,53.17 2 1
curtaincall.tech/cmd/web/templates.go:56.3,56.19 1 1
curtaincall.tech/cmd/web/templates.go:43.17,45.4 1 0
curtaincall.tech/cmd/web/templates.go:48.17,50.4 1 0
curtaincall.tech/cmd/web/templates.go:53.17,55.4 1 0
curtaincall.tech/cmd/web/handlers.go:11.70,14.16 2 0
curtaincall.tech/cmd/web/handlers.go:19.2,20.42 2 0
curtaincall.tech/cmd/web/handlers.go:14.16,17.3 2 0
curtaincall.tech/cmd/web/handlers.go:23.77,26.26 2 1
curtaincall.tech/cmd/web/handlers.go:31.2,32.16 2 1
curtaincall.tech/cmd/web/handlers.go:41.2,42.16 2 1
curtaincall.tech/cmd/web/handlers.go:47.2,50.4 1 1
curtaincall.tech/cmd/web/handlers.go:26.26,29.3 2 1
curtaincall.tech/cmd/web/handlers.go:32.16,33.41 1 1
curtaincall.tech/cmd/web/handlers.go:38.3,38.9 1 1
curtaincall.tech/cmd/web/handlers.go:33.41,35.4 1 1
curtaincall.tech/cmd/web/handlers.go:35.9,37.4 1 0
curtaincall.tech/cmd/web/handlers.go:42.16,45.3 2 0
curtaincall.tech/cmd/web/handlers.go:54.74,57.26 2 0
curtaincall.tech/cmd/web/handlers.go:62.2,63.16 2 0
curtaincall.tech/cmd/web/handlers.go:72.2,74.4 1 0
curtaincall.tech/cmd/web/handlers.go:57.26,60.3 2 0
curtaincall.tech/cmd/web/handlers.go:63.16,64.41 1 0
curtaincall.tech/cmd/web/handlers.go:69.3,69.9 1 0
curtaincall.tech/cmd/web/handlers.go:64.41,66.4 1 0
curtaincall.tech/cmd/web/handlers.go:66.9,68.4 1 0
curtaincall.tech/cmd/web/handlers.go:78.51,80.2 1 1
